android-native/app/build/outputs/logs/manifest-merger-debug-report.txt
-- Merging decision tree log ---
manifest
ADDED from src\main\AndroidManifest.xml:2:1-49:12
INJECTED from src\main\AndroidManifest.xml:2:1-49:12
INJECTED from src\main\AndroidManifest.xml:2:1-49:12
INJECTED from src\main\AndroidManifest.xml:2:1-49:12
MERGED from [com.google.accompanist:accompanist-permissions:0.37.3] AndroidManifest.xml:17:1-23:12
MERGED from [androidx.camera:camera-video:1.5.0] AndroidManifest.xml:2:1-7:12
MERGED from [androidx.camera:camera-view:1.5.0] AndroidManifest.xml:2:1-7:12
MERGED from [androidx.camera:camera-lifecycle:1.5.0] AndroidManifest.xml:2:1-7:12
MERGED from [androidx.camera:camera-camera2:1.5.0] AndroidManifest.xml:17:1-36:12
MERGED from [androidx.camera:camera-core:1.5.0] AndroidManifest.xml:17:1-36:12
MERGED from [androidx.room:room-runtime-android:2.7.0] AndroidManifest.xml:17:1-31:12
MERGED from [androidx.room:room-ktx:2.7.0] AndroidManifest.xml:17:1-22:12
MERGED from [io.coil-kt:coil-compose:2.7.0] AndroidManifest.xml:2:1-7:12
MERGED from [com.google.dagger:hilt-android:2.55] AndroidManifest.xml:16:1-19:12
MERGED from [com.google.android.gms:play-services-location:21.3.0] AndroidManifest.xml:2:1-8:12
MERGED from [androidx.datastore:datastore-core-android:1.1.7] AndroidManifest.xml:2:1-7:12
MERGED from [androidx.datastore:datastore-preferences-core-android:1.1.7] AndroidManifest.xml:2:1-7:12
MERGED from [androidx.datastore:datastore-android:1.1.7] AndroidManifest.xml:17:1-22:12
MERGED from [androidx.datastore:datastore-preferences-android:1.1.7] AndroidManifest.xml:17:1-22:12
MERGED from [androidx.compose.material3.adaptive:adaptive-navigation-android:1.3.0] AndroidManifest.xml:2:1-7:12
MERGED from [androidx.compose.material3.adaptive:adaptive-layout-android:1.3.0] AndroidManifest.xml:17:1-22:12
MERGED from [androidx.compose.material3.adaptive:adaptive-android:1.3.0] AndroidManifest.xml:17:1-22:12
MERGED from [androidx.compose.material3.adaptive:adaptive-navigation3-android:1.3.0] AndroidManifest.xml:2:1-7:12
MERGED from [com.google.android.material:material:1.4.0] AndroidManifest.xml:17:1-24:12
MERGED from [androidx.viewpager2:viewpager2:1.0.0] AndroidManifest.xml:17:1-24:12
MERGED from [com.google.android.gms:play-services-base:18.5.0] AndroidManifest.xml:2:1-7:12
MERGED from [com.google.android.gms:play-services-tasks:18.2.0] AndroidManifest.xml:2:1-5:12
MERGED from [com.google.android.gms:play-services-basement:18.4.0] AndroidManifest.xml:2:1-9:12
MERGED from [androidx.constraintlayout:constraintlayout:2.0.1] AndroidManifest.xml:2:1-11:12
MERGED from [io.coil-kt:coil-compose-base:2.7.0] AndroidManifest.xml:2:1-7:12
MERGED from [io.coil-kt:coil:2.7.0] AndroidManifest.xml:2:1-7:12
MERGED from [io.coil-kt:coil-base:2.7.0] AndroidManifest.xml:2:1-7:12
MERGED from [androidx.appcompat:appcompat-resources:1.6.1] AndroidManifest.xml:17:1-22:12
MERGED from [androidx.appcompat:appcompat:1.6.1] AndroidManifest.xml:17:1-22:12
MERGED from [androidx.fragment:fragment:1.5.1] AndroidManifest.xml:17:1-24:12
MERGED from [androidx.navigation3:navigation3-runtime-android:1.0.1] AndroidManifest.xml:2:1-7:12
MERGED from [androidx.navigation3:navigation3-ui-android:1.0.1] AndroidManifest.xml:2:1-7:12
MERGED from [androidx.compose.animation:animation-core-android:1.10.0] AndroidManifest.xml:2:1-7:12
MERGED from [androidx.compose.ui:ui-tooling-data-android:1.11.0] AndroidManifest.xml:2:1-7:12
MERGED from [androidx.compose.ui:ui-tooling-preview-android:1.11.0] AndroidManifest.xml:17:1-22:12
MERGED from [androidx.compose.material:material-ripple-android:1.7.0] AndroidManifest.xml:2:1-7:12
MERGED from [androidx.compose.ui:ui-util-android:1.11.0] AndroidManifest.xml:2:1-7:12
MERGED from [androidx.compose.ui:ui-unit-android:1.11.0] AndroidManifest.xml:2:1-7:12
MERGED from [androidx.compose.ui:ui-text-android:1.11.0] AndroidManifest.xml:2:1-7:12
MERGED from [androidx.compose.ui:ui-graphics-android:1.11.0] AndroidManifest.xml:2:1-7:12
MERGED from [androidx.compose.ui:ui-tooling-android:1.11.0] AndroidManifest.xml:17:1-28:12
MERGED from [androidx.compose.material3:material3-android:1.3.1] AndroidManifest.xml:17:1-22:12
MERGED from [androidx.compose.foundation:foundation-layout-android:1.10.0] AndroidManifest.xml:2:1-7:12
MERGED from [androidx.compose.foundation:foundation-android:1.10.0] AndroidManifest.xml:2:1-7:12
MERGED from [androidx.compose.animation:animation-android:1.10.0] AndroidManifest.xml:2:1-7:12
MERGED from [androidx.compose.ui:ui-geometry-android:1.11.0] AndroidManifest.xml:2:1-7:12
MERGED from [androidx.compose.ui:ui-test-manifest:1.11.0] AndroidManifest.xml:17:1-29:12
MERGED from [androidx.activity:activity-ktx:1.12.2] AndroidManifest.xml:2:1-7:12
MERGED from [androidx.activity:activity:1.12.2] AndroidManifest.xml:17:1-22:12
MERGED from [androidx.emoji2:emoji2-views-helper:1.4.0] AndroidManifest.xml:2:1-7:12
MERGED from [androidx.emoji2:emoji2:1.4.0] AndroidManifest.xml:17:1-35:12
MERGED from [androidx.lifecycle:lifecycle-process:2.11.0] AndroidManifest.xml:17:1-35:12
MERGED from [androidx.lifecycle:lifecycle-viewmodel-ktx:2.11.0] AndroidManifest.xml:2:1-7:12
MERGED from [androidx.lifecycle:lifecycle-runtime-ktx-android:2.11.0] AndroidManifest.xml:2:1-7:12
MERGED from [androidx.savedstate:savedstate-ktx:1.4.0] AndroidManifest.xml:2:1-7:12
MERGED from [androidx.savedstate:savedstate-android:1.4.0] AndroidManifest.xml:17:1-22:12
MERGED from [androidx.savedstate:savedstate-compose-android:1.4.0] AndroidManifest.xml:2:1-7:12
MERGED from [androidx.navigationevent:navigationevent-android:1.0.2] AndroidManifest.xml:2:1-7:12
MERGED from [androidx.navigationevent:navigationevent-compose-android:1.0.2] AndroidManifest.xml:2:1-7:12
MERGED from [androidx.compose.runtime:runtime-retain-android:1.11.0] AndroidManifest.xml:2:1-7:12
MERGED from [androidx.compose.runtime:runtime-annotation-android:1.11.0] AndroidManifest.xml:2:1-7:12
MERGED from [androidx.compose.runtime:runtime-android:1.11.0] AndroidManifest.xml:2:1-7:12
MERGED from [androidx.compose.runtime:runtime-saveable-android:1.11.0] AndroidManifest.xml:2:1-7:12
MERGED from [androidx.lifecycle:lifecycle-runtime-compose-android:2.11.0] AndroidManifest.xml:2:1-7:12
MERGED from [androidx.coordinatorlayout:coordinatorlayout:1.1.0] AndroidManifest.xml:17:1-24:12
MERGED from [androidx.vectordrawable:vectordrawable-animated:1.1.0] AndroidManifest.xml:17:1-24:12
MERGED from [androidx.vectordrawable:vectordrawable:1.1.0] AndroidManifest.xml:17:1-24:12
MERGED from [androidx.window:window-core-android:1.5.0] AndroidManifest.xml:2:1-7:12
MERGED from [androidx.window:window:1.5.0] AndroidManifest.xml:17:1-31:12
MERGED from [androidx.viewpager:viewpager:1.0.0] AndroidManifest.xml:17:1-22:12
MERGED from [androidx.recyclerview:recyclerview:1.1.0] AndroidManifest.xml:17:1-24:12
MERGED from [androidx.drawerlayout:drawerlayout:1.0.0] AndroidManifest.xml:17:1-22:12
MERGED from [androidx.customview:customview:1.0.0] AndroidManifest.xml:17:1-22:12
MERGED from [androidx.customview:customview-poolingcontainer:1.0.0] AndroidManifest.xml:17:1-23:12
MERGED from [androidx.core:core-ktx:1.16.0] AndroidManifest.xml:2:1-7:12
MERGED from [androidx.autofill:autofill:1.0.0] AndroidManifest.xml:17:1-24:12
MERGED from [androidx.graphics:graphics-path:1.0.1] AndroidManifest.xml:2:1-7:12
MERGED from [androidx.core:core:1.16.0] AndroidManifest.xml:17:1-30:12
MERGED from [androidx.lifecycle:lifecycle-runtime-android:2.11.0] AndroidManifest.xml:17:1-22:12
MERGED from [androidx.lifecycle:lifecycle-livedata-core-ktx:2.11.0] AndroidManifest.xml:2:1-7:12
MERGED from [androidx.lifecycle:lifecycle-viewmodel-savedstate-android:2.11.0] AndroidManifest.xml:17:1-22:12
MERGED from [androidx.lifecycle:lifecycle-viewmodel-compose-android:2.11.0] AndroidManifest.xml:2:1-7:12
MERGED from [androidx.compose.material:material-icons-extended-android:1.7.0] AndroidManifest.xml:2:1-7:12
MERGED from [androidx.compose.material:material-icons-core-android:1.7.0] AndroidManifest.xml:2:1-7:12
MERGED from [com.google.accompanist:accompanist-drawablepainter:0.32.0] AndroidManifest.xml:17:1-23:12
MERGED from [androidx.compose.ui:ui-android:1.11.0] AndroidManifest.xml:2:1-7:12
MERGED from [androidx.transition:transition:1.6.0] AndroidManifest.xml:2:1-7:12
MERGED from [androidx.dynamicanimation:dynamicanimation:1.0.0] AndroidManifest.xml:17:1-22:12
MERGED from [androidx.legacy:legacy-support-core-utils:1.0.0] AndroidManifest.xml:17:1-22:12
MERGED from [androidx.loader:loader:1.0.0] AndroidManifest.xml:17:1-22:12
MERGED from [androidx.lifecycle:lifecycle-viewmodel:2.11.0] AndroidManifest.xml:2:1-5:12
MERGED from [androidx.lifecycle:lifecycle-viewmodel-android:2.11.0] AndroidManifest.xml:17:1-22:12
MERGED from [androidx.lifecycle:lifecycle-livedata-core:2.11.0] AndroidManifest.xml:17:1-22:12
MERGED from [androidx.lifecycle:lifecycle-livedata:2.11.0] AndroidManifest.xml:17:1-22:12
MERGED from [androidx.lifecycle:lifecycle-viewmodel-navigation3-android:2.11.0] AndroidManifest.xml:2:1-7:12
MERGED from [androidx.activity:activity-compose:1.12.2] AndroidManifest.xml:2:1-7:12
MERGED from [androidx.profileinstaller:profileinstaller:1.4.0] AndroidManifest.xml:17:1-55:12
MERGED from [androidx.startup:startup-runtime:1.1.1] AndroidManifest.xml:17:1-33:12
MERGED from [androidx.tracing:tracing:1.2.0] AndroidManifest.xml:17:1-22:12
MERGED from [androidx.tracing:tracing-ktx:1.2.0] AndroidManifest.xml:17:1-22:12
MERGED from [androidx.annotation:annotation-experimental:1.5.1] AndroidManifest.xml:2:1-7:12
MERGED from [androidx.arch.core:core-runtime:2.2.0] AndroidManifest.xml:17:1-22:12
MERGED from [androidx.camera.featurecombinationquery:featurecombinationquery:1.5.0] AndroidManifest.xml:2:1-7:12
MERGED from [androidx.cardview:cardview:1.0.0] AndroidManifest.xml:17:1-22:12
MERGED from [androidx.interpolator:interpolator:1.0.0] AndroidManifest.xml:17:1-22:12
MERGED from [androidx.versionedparcelable:versionedparcelable:1.1.1] AndroidManifest.xml:17:1-27:12
MERGED from [androidx.sqlite:sqlite-framework-android:2.5.0] AndroidManifest.xml:17:1-22:12
MERGED from [androidx.sqlite:sqlite-android:2.5.0] AndroidManifest.xml:17:1-22:12
MERGED from [androidx.exifinterface:exifinterface:1.3.7] AndroidManifest.xml:17:1-24:12
MERGED from [androidx.documentfile:documentfile:1.0.0] AndroidManifest.xml:17:1-22:12
MERGED from [androidx.localbroadcastmanager:localbroadcastmanager:1.0.0] AndroidManifest.xml:17:1-22:12
MERGED from [androidx.print:print:1.0.0] AndroidManifest.xml:17:1-22:12
MERGED from [androidx.cursoradapter:cursoradapter:1.0.0] AndroidManifest.xml:17:1-22:12
MERGED from [androidx.core:core-viewtree:1.0.0] AndroidManifest.xml:2:1-7:12
MERGED from [com.google.dagger:dagger-lint-aar:2.55] AndroidManifest.xml:16:1-19:12
	package
		INJECTED from src\main\AndroidManifest.xml
	android:versionName
		INJECTED from src\main\AndroidManifest.xml
	xmlns:tools
		ADDED from src\main\AndroidManifest.xml:3:5-51
	android:versionCode
		INJECTED from src\main\AndroidManifest.xml
	xmlns:android
		ADDED from src\main\AndroidManifest.xml:2:11-69
uses-permission#android.permission.INTERNET
ADDED from src\main\AndroidManifest.xml:5:5-67
	android:name
		ADDED from src\main\AndroidManifest.xml:5:22-64
uses-permission#android.permission.POST_NOTIFICATIONS
ADDED from src\main\AndroidManifest.xml:6:5-77
	android:name
		ADDED from src\main\AndroidManifest.xml:6:22-74
uses-permission#android.permission.VIBRATE
ADDED from src\main\AndroidManifest.xml:7:5-66
	android:name
		ADDED from src\main\AndroidManifest.xml:7:22-63
uses-permission#android.permission.SCHEDULE_EXACT_ALARM
ADDED from src\main\AndroidManifest.xml:8:5-79
	android:name
		ADDED from src\main\AndroidManifest.xml:8:22-76
uses-permission#android.permission.USE_EXACT_ALARM
ADDED from src\main\AndroidManifest.xml:9:5-74
	android:name
		ADDED from src\main\AndroidManifest.xml:9:22-71
uses-permission#android.permission.RECEIVE_BOOT_COMPLETED
ADDED from src\main\AndroidManifest.xml:10:5-81
	android:name
		ADDED from src\main\AndroidManifest.xml:10:22-78
uses-permission#android.permission.CAMERA
ADDED from src\main\AndroidManifest.xml:11:5-65
	android:name
		ADDED from src\main\AndroidManifest.xml:11:22-62
application
ADDED from src\main\AndroidManifest.xml:13:5-47:19
INJECTED from src\main\AndroidManifest.xml:13:5-47:19
MERGED from [androidx.camera:camera-camera2:1.5.0] AndroidManifest.xml:23:5-34:19
MERGED from [androidx.camera:camera-camera2:1.5.0] AndroidManifest.xml:23:5-34:19
MERGED from [androidx.camera:camera-core:1.5.0] AndroidManifest.xml:23:5-34:19
MERGED from [androidx.camera:camera-core:1.5.0] AndroidManifest.xml:23:5-34:19
MERGED from [androidx.room:room-runtime-android:2.7.0] AndroidManifest.xml:23:5-29:19
MERGED from [androidx.room:room-runtime-android:2.7.0] AndroidManifest.xml:23:5-29:19
MERGED from [com.google.android.gms:play-services-location:21.3.0] AndroidManifest.xml:6:5-20
MERGED from [com.google.android.gms:play-services-location:21.3.0] AndroidManifest.xml:6:5-20
MERGED from [com.google.android.material:material:1.4.0] AndroidManifest.xml:22:5-20
MERGED from [com.google.android.material:material:1.4.0] AndroidManifest.xml:22:5-20
MERGED from [com.google.android.gms:play-services-base:18.5.0] AndroidManifest.xml:4:5-6:19
MERGED from [com.google.android.gms:play-services-base:18.5.0] AndroidManifest.xml:4:5-6:19
MERGED from [com.google.android.gms:play-services-tasks:18.2.0] AndroidManifest.xml:4:5-20
MERGED from [com.google.android.gms:play-services-tasks:18.2.0] AndroidManifest.xml:4:5-20
MERGED from [com.google.android.gms:play-services-basement:18.4.0] AndroidManifest.xml:5:5-7:19
MERGED from [com.google.android.gms:play-services-basement:18.4.0] AndroidManifest.xml:5:5-7:19
MERGED from [androidx.constraintlayout:constraintlayout:2.0.1] AndroidManifest.xml:9:5-20
MERGED from [androidx.constraintlayout:constraintlayout:2.0.1] AndroidManifest.xml:9:5-20
MERGED from [androidx.compose.ui:ui-tooling-android:1.11.0] AndroidManifest.xml:22:5-26:19
MERGED from [androidx.compose.ui:ui-tooling-android:1.11.0] AndroidManifest.xml:22:5-26:19
MERGED from [androidx.compose.ui:ui-test-manifest:1.11.0] AndroidManifest.xml:22:5-27:19
MERGED from [androidx.compose.ui:ui-test-manifest:1.11.0] AndroidManifest.xml:22:5-27:19
MERGED from [androidx.emoji2:emoji2:1.4.0] AndroidManifest.xml:23:5-33:19
MERGED from [androidx.emoji2:emoji2:1.4.0] AndroidManifest.xml:23:5-33:19
MERGED from [androidx.lifecycle:lifecycle-process:2.11.0] AndroidManifest.xml:23:5-33:19
MERGED from [androidx.lifecycle:lifecycle-process:2.11.0] AndroidManifest.xml:23:5-33:19
MERGED from [androidx.window:window:1.5.0] AndroidManifest.xml:22:5-29:19
MERGED from [androidx.window:window:1.5.0] AndroidManifest.xml:22:5-29:19
MERGED from [androidx.core:core:1.16.0] AndroidManifest.xml:28:5-89
MERGED from [androidx.core:core:1.16.0] AndroidManifest.xml:28:5-89
MERGED from [androidx.profileinstaller:profileinstaller:1.4.0] AndroidManifest.xml:23:5-53:19
MERGED from [androidx.profileinstaller:profileinstaller:1.4.0] AndroidManifest.xml:23:5-53:19
MERGED from [androidx.startup:startup-runtime:1.1.1] AndroidManifest.xml:25:5-31:19
MERGED from [androidx.startup:startup-runtime:1.1.1] AndroidManifest.xml:25:5-31:19
MERGED from [androidx.versionedparcelable:versionedparcelable:1.1.1] AndroidManifest.xml:24:5-25:19
MERGED from [androidx.versionedparcelable:versionedparcelable:1.1.1] AndroidManifest.xml:24:5-25:19
	android:extractNativeLibs
		INJECTED from src\main\AndroidManifest.xml
	android:appComponentFactory
		ADDED from [androidx.core:core:1.16.0] AndroidManifest.xml:28:18-86
	android:supportsRtl
		ADDED from src\main\AndroidManifest.xml:20:9-35
	android:label
		ADDED from src\main\AndroidManifest.xml:18:9-41
	android:fullBackupContent
		ADDED from src\main\AndroidManifest.xml:16:9-54
	android:roundIcon
		ADDED from src\main\AndroidManifest.xml:19:9-54
	android:icon
		ADDED from src\main\AndroidManifest.xml:17:9-43
	android:allowBackup
		ADDED from src\main\AndroidManifest.xml:14:9-35
	android:theme
		ADDED from src\main\AndroidManifest.xml:21:9-52
	android:dataExtractionRules
		ADDED from src\main\AndroidManifest.xml:15:9-65
activity#com.example.myapplication1.MainActivity
ADDED from src\main\AndroidManifest.xml:23:9-33:20
	android:label
		ADDED from src\main\AndroidManifest.xml:26:13-45
	android:windowSoftInputMode
		ADDED from src\main\AndroidManifest.xml:28:13-55
	android:exported
		ADDED from src\main\AndroidManifest.xml:25:13-36
	android:theme
		ADDED from src\main\AndroidManifest.xml:27:13-56
	android:name
		ADDED from src\main\AndroidManifest.xml:24:13-41
intent-filter#action:name:android.intent.action.MAIN+category:name:android.intent.category.LAUNCHER
ADDED from src\main\AndroidManifest.xml:29:13-32:29
action#android.intent.action.MAIN
ADDED from src\main\AndroidManifest.xml:30:17-69
	android:name
		ADDED from src\main\AndroidManifest.xml:30:25-66
category#android.intent.category.LAUNCHER
ADDED from src\main\AndroidManifest.xml:31:17-77
	android:name
		ADDED from src\main\AndroidManifest.xml:31:27-74
receiver#com.example.myapplication1.receiver.ReminderReceiver
ADDED from src\main\AndroidManifest.xml:35:9-45:20
	android:exported
		ADDED from src\main\AndroidManifest.xml:37:13-37
	android:name
		ADDED from src\main\AndroidManifest.xml:36:13-54
intent-filter#action:name:android.intent.action.BOOT_COMPLETED+action:name:com.example.myapplication1.ACTION_REMIND+action:name:com.example.myapplication1.ACTION_SKIP+action:name:com.example.myapplication1.ACTION_SNOOZE+action:name:com.example.myapplication1.ACTION_TAKEN
ADDED from src\main\AndroidManifest.xml:38:13-44:29
action#com.example.myapplication1.ACTION_REMIND
ADDED from src\main\AndroidManifest.xml:39:17-83
	android:name
		ADDED from src\main\AndroidManifest.xml:39:25-80
action#com.example.myapplication1.ACTION_TAKEN
ADDED from src\main\AndroidManifest.xml:40:17-82
	android:name
		ADDED from src\main\AndroidManifest.xml:40:25-79
action#com.example.myapplication1.ACTION_SNOOZE
ADDED from src\main\AndroidManifest.xml:41:17-83
	android:name
		ADDED from src\main\AndroidManifest.xml:41:25-80
action#com.example.myapplication1.ACTION_SKIP
ADDED from src\main\AndroidManifest.xml:42:17-81
	android:name
		ADDED from src\main\AndroidManifest.xml:42:25-78
action#android.intent.action.BOOT_COMPLETED
ADDED from src\main\AndroidManifest.xml:43:17-79
	android:name
		ADDED from src\main\AndroidManifest.xml:43:25-76
uses-sdk
INJECTED from src\main\AndroidManifest.xml reason: use-sdk injection requested
INJECTED from src\main\AndroidManifest.xml
INJECTED from src\main\AndroidManifest.xml
MERGED from [com.google.accompanist:accompanist-permissions:0.37.3] AndroidManifest.xml:21:5-44
MERGED from [com.google.accompanist:accompanist-permissions:0.37.3] AndroidManifest.xml:21:5-44
MERGED from [androidx.camera:camera-video:1.5.0] AndroidManifest.xml:5:5-44
MERGED from [androidx.camera:camera-video:1.5.0] AndroidManifest.xml:5:5-44
MERGED from [androidx.camera:camera-view:1.5.0] AndroidManifest.xml:5:5-44
MERGED from [androidx.camera:camera-view:1.5.0] AndroidManifest.xml:5:5-44
MERGED from [androidx.camera:camera-lifecycle:1.5.0] AndroidManifest.xml:5:5-44
MERGED from [androidx.camera:camera-lifecycle:1.5.0] AndroidManifest.xml:5:5-44
MERGED from [androidx.camera:camera-camera2:1.5.0] AndroidManifest.xml:21:5-44
MERGED from [androidx.camera:camera-camera2:1.5.0] AndroidManifest.xml:21:5-44
MERGED from [androidx.camera:camera-core:1.5.0] AndroidManifest.xml:21:5-44
MERGED from [androidx.camera:camera-core:1.5.0] AndroidManifest.xml:21:5-44
MERGED from [androidx.room:room-runtime-android:2.7.0] AndroidManifest.xml:21:5-44
MERGED from [androidx.room:room-runtime-android:2.7.0] AndroidManifest.xml:21:5-44
MERGED from [androidx.room:room-ktx:2.7.0] AndroidManifest.xml:20:5-44
MERGED from [androidx.room:room-ktx:2.7.0] AndroidManifest.xml:20:5-44
MERGED from [io.coil-kt:coil-compose:2.7.0] AndroidManifest.xml:5:5-44
MERGED from [io.coil-kt:coil-compose:2.7.0] AndroidManifest.xml:5:5-44
MERGED from [com.google.dagger:hilt-android:2.55] AndroidManifest.xml:18:3-42
MERGED from [com.google.dagger:hilt-android:2.55] AndroidManifest.xml:18:3-42
MERGED from [com.google.android.gms:play-services-location:21.3.0] AndroidManifest.xml:4:5-44
MERGED from [com.google.android.gms:play-services-location:21.3.0] AndroidManifest.xml:4:5-44
MERGED from [androidx.datastore:datastore-core-android:1.1.7] AndroidManifest.xml:5:5-44
MERGED from [androidx.datastore:datastore-core-android:1.1.7] AndroidManifest.xml:5:5-44
MERGED from [androidx.datastore:datastore-preferences-core-android:1.1.7] AndroidManifest.xml:5:5-44
MERGED from [androidx.datastore:datastore-preferences-core-android:1.1.7] AndroidManifest.xml:5:5-44
MERGED from [androidx.datastore:datastore-android:1.1.7] AndroidManifest.xml:20:5-44
MERGED from [androidx.datastore:datastore-android:1.1.7] AndroidManifest.xml:20:5-44
MERGED from [androidx.datastore:datastore-preferences-android:1.1.7] AndroidManifest.xml:20:5-44
MERGED from [androidx.datastore:datastore-preferences-android:1.1.7] AndroidManifest.xml:20:5-44
MERGED from [androidx.compose.material3.adaptive:adaptive-navigation-android:1.3.0] AndroidManifest.xml:5:5-44
MERGED from [androidx.compose.material3.adaptive:adaptive-navigation-android:1.3.0] AndroidManifest.xml:5:5-44
MERGED from [androidx.compose.material3.adaptive:adaptive-layout-android:1.3.0] AndroidManifest.xml:20:5-44
MERGED from [androidx.compose.material3.adaptive:adaptive-layout-android:1.3.0] AndroidManifest.xml:20:5-44
MERGED from [androidx.compose.material3.adaptive:adaptive-android:1.3.0] AndroidManifest.xml:20:5-44
MERGED from [androidx.compose.material3.adaptive:adaptive-android:1.3.0] AndroidManifest.xml:20:5-44
MERGED from [androidx.compose.material3.adaptive:adaptive-navigation3-android:1.3.0] AndroidManifest.xml:5:5-44
MERGED from [androidx.compose.material3.adaptive:adaptive-navigation3-android:1.3.0] AndroidManifest.xml:5:5-44
MERGED from [com.google.android.material:material:1.4.0] AndroidManifest.xml:20:5-44
MERGED from [com.google.android.material:material:1.4.0] AndroidManifest.xml:20:5-44
MERGED from [androidx.viewpager2:viewpager2:1.0.0] AndroidManifest.xml:20:5-22:41
MERGED from [androidx.viewpager2:viewpager2:1.0.0] AndroidManifest.xml:20:5-22:41
MERGED from [com.google.android.gms:play-services-base:18.5.0] AndroidManifest.xml:3:5-44
MERGED from [com.google.android.gms:play-services-base:18.5.0] AndroidManifest.xml:3:5-44
MERGED from [com.google.android.gms:play-services-tasks:18.2.0] AndroidManifest.xml:3:5-44
MERGED from [com.google.android.gms:play-services-tasks:18.2.0] AndroidManifest.xml:3:5-44
MERGED from [com.google.android.gms:play-services-basement:18.4.0] AndroidManifest.xml:3:5-44
MERGED from [com.google.android.gms:play-services-basement:18.4.0] AndroidManifest.xml:3:5-44
MERGED from [androidx.constraintlayout:constraintlayout:2.0.1] AndroidManifest.xml:5:5-7:41
MERGED from [androidx.constraintlayout:constraintlayout:2.0.1] AndroidManifest.xml:5:5-7:41
MERGED from [io.coil-kt:coil-compose-base:2.7.0] AndroidManifest.xml:5:5-44
MERGED from [io.coil-kt:coil-compose-base:2.7.0] AndroidManifest.xml:5:5-44
MERGED from [io.coil-kt:coil:2.7.0] AndroidManifest.xml:5:5-44
MERGED from [io.coil-kt:coil:2.7.0] AndroidManifest.xml:5:5-44
MERGED from [io.coil-kt:coil-base:2.7.0] AndroidManifest.xml:5:5-44
MERGED from [io.coil-kt:coil-base:2.7.0] AndroidManifest.xml:5:5-44
MERGED from [androidx.appcompat:appcompat-resources:1.6.1] AndroidManifest.xml:20:5-44
MERGED from [androidx.appcompat:appcompat-resources:1.6.1] AndroidManifest.xml:20:5-44
MERGED from [androidx.appcompat:appcompat:1.6.1] AndroidManifest.xml:20:5-44
MERGED from [androidx.appcompat:appcompat:1.6.1] AndroidManifest.xml:20:5-44
MERGED from [androidx.fragment:fragment:1.5.1] AndroidManifest.xml:20:5-22:41
MERGED from [androidx.fragment:fragment:1.5.1] AndroidManifest.xml:20:5-22:41
MERGED from [androidx.navigation3:navigation3-runtime-android:1.0.1] AndroidManifest.xml:5:5-44
MERGED from [androidx.navigation3:navigation3-runtime-android:1.0.1] AndroidManifest.xml:5:5-44
MERGED from [androidx.navigation3:navigation3-ui-android:1.0.1] AndroidManifest.xml:5:5-44
MERGED from [androidx.navigation3:navigation3-ui-android:1.0.1] AndroidManifest.xml:5:5-44
MERGED from [androidx.compose.animation:animation-core-android:1.10.0] AndroidManifest.xml:5:5-44
MERGED from [androidx.compose.animation:animation-core-android:1.10.0] AndroidManifest.xml:5:5-44
MERGED from [androidx.compose.ui:ui-tooling-data-android:1.11.0] AndroidManifest.xml:5:5-44
MERGED from [androidx.compose.ui:ui-tooling-data-android:1.11.0] AndroidManifest.xml:5:5-44
MERGED from [androidx.compose.ui:ui-tooling-preview-android:1.11.0] AndroidManifest.xml:20:5-44
MERGED from [androidx.compose.ui:ui-tooling-preview-android:1.11.0] AndroidManifest.xml:20:5-44
MERGED from [androidx.compose.material:material-ripple-android:1.7.0] AndroidManifest.xml:5:5-44
MERGED from [androidx.compose.material:material-ripple-android:1.7.0] AndroidManifest.xml:5:5-44
MERGED from [androidx.compose.ui:ui-util-android:1.11.0] AndroidManifest.xml:5:5-44
MERGED from [androidx.compose.ui:ui-util-android:1.11.0] AndroidManifest.xml:5:5-44
MERGED from [androidx.compose.ui:ui-unit-android:1.11.0] AndroidManifest.xml:5:5-44
MERGED from [androidx.compose.ui:ui-unit-android:1.11.0] AndroidManifest.xml:5:5-44
MERGED from [androidx.compose.ui:ui-text-android:1.11.0] AndroidManifest.xml:5:5-44
MERGED from [androidx.compose.ui:ui-text-android:1.11.0] AndroidManifest.xml:5:5-44
MERGED from [androidx.compose.ui:ui-graphics-android:1.11.0] AndroidManifest.xml:5:5-44
MERGED from [androidx.compose.ui:ui-graphics-android:1.11.0] AndroidManifest.xml:5:5-44
MERGED from [androidx.compose.ui:ui-tooling-android:1.11.0] AndroidManifest.xml:20:5-44
MERGED from [androidx.compose.ui:ui-tooling-android:1.11.0] AndroidManifest.xml:20:5-44
MERGED from [androidx.compose.material3:material3-android:1.3.1] AndroidManifest.xml:20:5-44
MERGED from [androidx.compose.material3:material3-android:1.3.1] AndroidManifest.xml:20:5-44
MERGED from [androidx.compose.foundation:foundation-layout-android:1.10.0] AndroidManifest.xml:5:5-44
MERGED from [androidx.compose.foundation:foundation-layout-android:1.10.0] AndroidManifest.xml:5:5-44
MERGED from [androidx.compose.foundation:foundation-android:1.10.0] AndroidManifest.xml:5:5-44
MERGED from [androidx.compose.foundation:foundation-android:1.10.0] AndroidManifest.xml:5:5-44
MERGED from [androidx.compose.animation:animation-android:1.10.0] AndroidManifest.xml:5:5-44
MERGED from [androidx.compose.animation:animation-android:1.10.0] AndroidManifest.xml:5:5-44
MERGED from [androidx.compose.ui:ui-geometry-android:1.11.0] AndroidManifest.xml:5:5-44
MERGED from [androidx.compose.ui:ui-geometry-android:1.11.0] AndroidManifest.xml:5:5-44
MERGED from [androidx.compose.ui:ui-test-manifest:1.11.0] AndroidManifest.xml:20:5-44
MERGED from [androidx.compose.ui:ui-test-manifest:1.11.0] AndroidManifest.xml:20:5-44
MERGED from [androidx.activity:activity-ktx:1.12.2] AndroidManifest.xml:5:5-44
MERGED from [androidx.activity:activity-ktx:1.12.2] AndroidManifest.xml:5:5-44
MERGED from [androidx.activity:activity:1.12.2] AndroidManifest.xml:20:5-44
MERGED from [androidx.activity:activity:1.12.2] AndroidManifest.xml:20:5-44
MERGED from [androidx.emoji2:emoji2-views-helper:1.4.0] AndroidManifest.xml:5:5-44
MERGED from [androidx.emoji2:emoji2-views-helper:1.4.0] AndroidManifest.xml:5:5-44
MERGED from [androidx.emoji2:emoji2:1.4.0] AndroidManifest.xml:21:5-44
MERGED from [androidx.emoji2:emoji2:1.4.0] AndroidManifest.xml:21:5-44
MERGED from [androidx.lifecycle:lifecycle-process:2.11.0] AndroidManifest.xml:21:5-44
MERGED from [androidx.lifecycle:lifecycle-process:2.11.0] AndroidManifest.xml:21:5-44
MERGED from [androidx.lifecycle:lifecycle-viewmodel-ktx:2.11.0] AndroidManifest.xml:5:5-44
MERGED from [androidx.lifecycle:lifecycle-viewmodel-ktx:2.11.0] AndroidManifest.xml:5:5-44
MERGED from [androidx.lifecycle:lifecycle-runtime-ktx-android:2.11.0] AndroidManifest.xml:5:5-44
MERGED from [androidx.lifecycle:lifecycle-runtime-ktx-android:2.11.0] AndroidManifest.xml:5:5-44
MERGED from [androidx.savedstate:savedstate-ktx:1.4.0] AndroidManifest.xml:5:5-44
MERGED from [androidx.savedstate:savedstate-ktx:1.4.0] AndroidManifest.xml:5:5-44
MERGED from [androidx.savedstate:savedstate-android:1.4.0] AndroidManifest.xml:20:5-44
MERGED from [androidx.savedstate:savedstate-android:1.4.0] AndroidManifest.xml:20:5-44
MERGED from [androidx.savedstate:savedstate-compose-android:1.4.0] AndroidManifest.xml:5:5-44
MERGED from [androidx.savedstate:savedstate-compose-android:1.4.0] AndroidManifest.xml:5:5-44
MERGED from [androidx.navigationevent:navigationevent-android:1.0.2] AndroidManifest.xml:5:5-44
MERGED from [androidx.navigationevent:navigationevent-android:1.0.2] AndroidManifest.xml:5:5-44
MERGED from [androidx.navigationevent:navigationevent-compose-android:1.0.2] AndroidManifest.xml:5:5-44
MERGED from [androidx.navigationevent:navigationevent-compose-android:1.0.2] AndroidManifest.xml:5:5-44
MERGED from [androidx.compose.runtime:runtime-retain-android:1.11.0] AndroidManifest.xml:5:5-44
MERGED from [androidx.compose.runtime:runtime-retain-android:1.11.0] AndroidManifest.xml:5:5-44
MERGED from [androidx.compose.runtime:runtime-annotation-android:1.11.0] AndroidManifest.xml:5:5-44
MERGED from [androidx.compose.runtime:runtime-annotation-android:1.11.0] AndroidManifest.xml:5:5-44
MERGED from [androidx.compose.runtime:runtime-android:1.11.0] AndroidManifest.xml:5:5-44
MERGED from [androidx.compose.runtime:runtime-android:1.11.0] AndroidManifest.xml:5:5-44
MERGED from [androidx.compose.runtime:runtime-saveable-android:1.11.0] AndroidManifest.xml:5:5-44
MERGED from [androidx.compose.runtime:runtime-saveable-android:1.11.0] AndroidManifest.xml:5:5-44
MERGED from [androidx.lifecycle:lifecycle-runtime-compose-android:2.11.0] AndroidManifest.xml:5:5-44